\BOOKMARK [0][-]{chapter.1}{\376\377\0001\000\040\000N\000o\000t\000e\000s\000\040\000o\000n\000\040\000A\000F\000E\000P\000a\000c\000k\000\040\000f\000o\000r\000\040\000E\000l\000e\000c\000t\000r\000o\000m\000a\000g\000n\000e\000t\000i\000c}{}% 1
\BOOKMARK [1][-]{section.1.1}{\376\377\0001\000.\0001\000\040\000N\000o\000d\000e\000\040\000F\000i\000n\000i\000t\000e\000\040\000E\000l\000e\000m\000e\000n\000t\000s}{chapter.1}% 2
\BOOKMARK [2][-]{subsection.1.1.1}{\376\377\0001\000.\0001\000.\0001\000\040\000V\000a\000r\000t\000i\000a\000t\000i\000o\000n\000a\000l\000\040\000F\000o\000r\000m\000u\000l\000a\000t\000i\000o\000n}{section.1.1}% 3
\BOOKMARK [2][-]{subsection.1.1.2}{\376\377\0001\000.\0001\000.\0002\000\040\000E\000x\000a\000m\000p\000l\000e\0001}{section.1.1}% 4
\BOOKMARK [1][-]{section.1.2}{\376\377\0001\000.\0002\000\040\000V\000e\000c\000t\000o\000r\000\040\000F\000i\000n\000i\000t\000e\000\040\000E\000l\000e\000m\000e\000n\000t\000s}{chapter.1}% 5
\BOOKMARK [2][-]{subsection.1.2.1}{\376\377\0001\000.\0002\000.\0001\000\040\000V\000a\000r\000t\000i\000a\000t\000i\000o\000n\000a\000l\000\040\000F\000o\000r\000m\000u\000l\000a\000t\000i\000o\000n}{section.1.2}% 6
\BOOKMARK [2][-]{subsection.1.2.2}{\376\377\0001\000.\0002\000.\0002\000\040\000E\000x\000a\000m\000p\000l\000e}{section.1.2}% 7
\BOOKMARK [0][-]{chapter.2}{\376\377\0002\000\040\000H\000i\000e\000r\000a\000r\000c\000h\000i\000c\000a\000l\000\040\000I\000n\000d\000e\000x}{}% 8
\BOOKMARK [1][-]{section.2.1}{\376\377\0002\000.\0001\000\040\000C\000l\000a\000s\000s\000\040\000H\000i\000e\000r\000a\000r\000c\000h\000y}{chapter.2}% 9
\BOOKMARK [0][-]{chapter.3}{\376\377\0003\000\040\000C\000l\000a\000s\000s\000\040\000I\000n\000d\000e\000x}{}% 10
\BOOKMARK [1][-]{section.3.1}{\376\377\0003\000.\0001\000\040\000C\000l\000a\000s\000s\000\040\000L\000i\000s\000t}{chapter.3}% 11
\BOOKMARK [0][-]{chapter.4}{\376\377\0004\000\040\000F\000i\000l\000e\000\040\000I\000n\000d\000e\000x}{}% 12
\BOOKMARK [1][-]{section.4.1}{\376\377\0004\000.\0001\000\040\000F\000i\000l\000e\000\040\000L\000i\000s\000t}{chapter.4}% 13
\BOOKMARK [0][-]{chapter.5}{\376\377\0005\000\040\000C\000l\000a\000s\000s\000\040\000D\000o\000c\000u\000m\000e\000n\000t\000a\000t\000i\000o\000n}{}% 14
\BOOKMARK [1][-]{section.5.1}{\376\377\0005\000.\0001\000\040\000E\000d\000g\000e\000C\000a\000c\000h\000e\000<\000\040\000v\000a\000l\000u\000e\000\137\000t\000y\000p\000e\000,\000\040\000D\000I\000M\000\040\000>\000\040\000S\000t\000r\000u\000c\000t\000\040\000T\000e\000m\000p\000l\000a\000t\000e\000\040\000R\000e\000f\000e\000r\000e\000n\000c\000e}{chapter.5}% 15
\BOOKMARK [2][-]{subsection.5.1.1}{\376\377\0005\000.\0001\000.\0001\000\040\000M\000e\000m\000b\000e\000r\000\040\000D\000a\000t\000a\000\040\000D\000o\000c\000u\000m\000e\000n\000t\000a\000t\000i\000o\000n}{section.5.1}% 16
\BOOKMARK [3][-]{subsubsection.5.1.1.1}{\376\377\0005\000.\0001\000.\0001\000.\0001\000\040\000b\000a\000s\000i\000s\000\137\000g\000r\000a\000d\000i\000e\000n\000t}{subsection.5.1.1}% 17
\BOOKMARK [3][-]{subsubsection.5.1.1.2}{\376\377\0005\000.\0001\000.\0001\000.\0002\000\040\000b\000a\000s\000i\000s\000\137\000v\000a\000l\000u\000e}{subsection.5.1.1}% 18
\BOOKMARK [3][-]{subsubsection.5.1.1.3}{\376\377\0005\000.\0001\000.\0001\000.\0003\000\040\000u\000n}{subsection.5.1.1}% 19
\BOOKMARK [1][-]{section.5.2}{\376\377\0005\000.\0002\000\040\000E\000l\000e\000m\000e\000n\000t\000C\000a\000c\000h\000e\000<\000\040\000v\000a\000l\000u\000e\000\137\000t\000y\000p\000e\000,\000\040\000D\000I\000M\000\040\000>\000\040\000S\000t\000r\000u\000c\000t\000\040\000T\000e\000m\000p\000l\000a\000t\000e\000\040\000R\000e\000f\000e\000r\000e\000n\000c\000e}{chapter.5}% 20
\BOOKMARK [2][-]{subsection.5.2.1}{\376\377\0005\000.\0002\000.\0001\000\040\000M\000e\000m\000b\000e\000r\000\040\000D\000a\000t\000a\000\040\000D\000o\000c\000u\000m\000e\000n\000t\000a\000t\000i\000o\000n}{section.5.2}% 21
\BOOKMARK [3][-]{subsubsection.5.2.1.1}{\376\377\0005\000.\0002\000.\0001\000.\0001\000\040\000b\000a\000s\000i\000s\000\137\000g\000r\000a\000d\000i\000e\000n\000t}{subsection.5.2.1}% 22
\BOOKMARK [3][-]{subsubsection.5.2.1.2}{\376\377\0005\000.\0002\000.\0001\000.\0002\000\040\000b\000a\000s\000i\000s\000\137\000v\000a\000l\000u\000e}{subsection.5.2.1}% 23
\BOOKMARK [3][-]{subsubsection.5.2.1.3}{\376\377\0005\000.\0002\000.\0001\000.\0003\000\040\000i\000n\000d}{subsection.5.2.1}% 24
\BOOKMARK [1][-]{section.5.3}{\376\377\0005\000.\0003\000\040\000G\000e\000o\000m\000e\000t\000r\000y\000C\000a\000c\000h\000e\000<\000\040\000D\000I\000M\000\040\000>\000\040\000S\000t\000r\000u\000c\000t\000\040\000T\000e\000m\000p\000l\000a\000t\000e\000\040\000R\000e\000f\000e\000r\000e\000n\000c\000e}{chapter.5}% 25
\BOOKMARK [2][-]{subsection.5.3.1}{\376\377\0005\000.\0003\000.\0001\000\040\000M\000e\000m\000b\000e\000r\000\040\000D\000a\000t\000a\000\040\000D\000o\000c\000u\000m\000e\000n\000t\000a\000t\000i\000o\000n}{section.5.3}% 26
\BOOKMARK [3][-]{subsubsection.5.3.1.1}{\376\377\0005\000.\0003\000.\0001\000.\0001\000\040\000b\000c}{subsection.5.3.1}% 27
\BOOKMARK [3][-]{subsubsection.5.3.1.2}{\376\377\0005\000.\0003\000.\0001\000.\0002\000\040\000J\000x\000w}{subsection.5.3.1}% 28
\BOOKMARK [3][-]{subsubsection.5.3.1.3}{\376\377\0005\000.\0003\000.\0001\000.\0003\000\040\000n\000\137\000q\000u\000a\000d\000\137\000p\000n\000t}{subsection.5.3.1}% 29
\BOOKMARK [3][-]{subsubsection.5.3.1.4}{\376\377\0005\000.\0003\000.\0001\000.\0004\000\040\000q\000\137\000p\000n\000t}{subsection.5.3.1}% 30
\BOOKMARK [1][-]{section.5.4}{\376\377\0005\000.\0004\000\040\000S\000o\000l\000u\000t\000i\000o\000n\000C\000a\000c\000h\000e\000<\000\040\000v\000a\000l\000u\000e\000\137\000t\000y\000p\000e\000\040\000>\000\040\000S\000t\000r\000u\000c\000t\000\040\000T\000e\000m\000p\000l\000a\000t\000e\000\040\000R\000e\000f\000e\000r\000e\000n\000c\000e}{chapter.5}% 31
\BOOKMARK [2][-]{subsection.5.4.1}{\376\377\0005\000.\0004\000.\0001\000\040\000M\000e\000m\000b\000e\000r\000\040\000D\000a\000t\000a\000\040\000D\000o\000c\000u\000m\000e\000n\000t\000a\000t\000i\000o\000n}{section.5.4}% 32
\BOOKMARK [3][-]{subsubsection.5.4.1.1}{\376\377\0005\000.\0004\000.\0001\000.\0001\000\040\000v\000a\000l}{subsection.5.4.1}% 33
\BOOKMARK [1][-]{section.5.5}{\376\377\0005\000.\0005\000\040\000u\000i\000E\000x\000p\000e\000r\000i\000m\000e\000n\000t\000\040\000C\000l\000a\000s\000s\000\040\000R\000e\000f\000e\000r\000e\000n\000c\000e}{chapter.5}% 34
\BOOKMARK [2][-]{subsection.5.5.1}{\376\377\0005\000.\0005\000.\0001\000\040\000C\000o\000n\000s\000t\000r\000u\000c\000t\000o\000r\000\040\000\046\000\040\000D\000e\000s\000t\000r\000u\000c\000t\000o\000r\000\040\000D\000o\000c\000u\000m\000e\000n\000t\000a\000t\000i\000o\000n}{section.5.5}% 35
\BOOKMARK [3][-]{subsubsection.5.5.1.1}{\376\377\0005\000.\0005\000.\0001\000.\0001\000\040\000u\000i\000E\000x\000p\000e\000r\000i\000m\000e\000n\000t\000\050\000\051\000\040\000[\0001\000/\0002\000]}{subsection.5.5.1}% 36
\BOOKMARK [3][-]{subsubsection.5.5.1.2}{\376\377\0005\000.\0005\000.\0001\000.\0002\000\040\000\040\000u\000i\000E\000x\000p\000e\000r\000i\000m\000e\000n\000t\000\050\000\051\000\040\000[\0001\000/\0002\000]}{subsection.5.5.1}% 37
\BOOKMARK [3][-]{subsubsection.5.5.1.3}{\376\377\0005\000.\0005\000.\0001\000.\0003\000\040\000u\000i\000E\000x\000p\000e\000r\000i\000m\000e\000n\000t\000\050\000\051\000\040\000[\0002\000/\0002\000]}{subsection.5.5.1}% 38
\BOOKMARK [3][-]{subsubsection.5.5.1.4}{\376\377\0005\000.\0005\000.\0001\000.\0004\000\040\000\040\000u\000i\000E\000x\000p\000e\000r\000i\000m\000e\000n\000t\000\050\000\051\000\040\000[\0002\000/\0002\000]}{subsection.5.5.1}% 39
\BOOKMARK [2][-]{subsection.5.5.2}{\376\377\0005\000.\0005\000.\0002\000\040\000M\000e\000m\000b\000e\000r\000\040\000F\000u\000n\000c\000t\000i\000o\000n\000\040\000D\000o\000c\000u\000m\000e\000n\000t\000a\000t\000i\000o\000n}{section.5.5}% 40
\BOOKMARK [3][-]{subsubsection.5.5.2.1}{\376\377\0005\000.\0005\000.\0002\000.\0001\000\040\000a\000d\000a\000p\000t\000M\000e\000s\000h\000\050\000\051\000\040\000[\0001\000/\0002\000]}{subsection.5.5.2}% 41
\BOOKMARK [3][-]{subsubsection.5.5.2.2}{\376\377\0005\000.\0005\000.\0002\000.\0002\000\040\000a\000d\000a\000p\000t\000M\000e\000s\000h\000\050\000\051\000\040\000[\0002\000/\0002\000]}{subsection.5.5.2}% 42
\BOOKMARK [3][-]{subsubsection.5.5.2.3}{\376\377\0005\000.\0005\000.\0002\000.\0003\000\040\000b\000u\000i\000l\000d\000D\000G\000F\000E\000M\000S\000p\000a\000c\000e\000\050\000\051\000\040\000[\0001\000/\0002\000]}{subsection.5.5.2}% 43
\BOOKMARK [3][-]{subsubsection.5.5.2.4}{\376\377\0005\000.\0005\000.\0002\000.\0004\000\040\000b\000u\000i\000l\000d\000D\000G\000F\000E\000M\000S\000p\000a\000c\000e\000\050\000\051\000\040\000[\0002\000/\0002\000]}{subsection.5.5.2}% 44
\BOOKMARK [3][-]{subsubsection.5.5.2.5}{\376\377\0005\000.\0005\000.\0002\000.\0005\000\040\000b\000u\000i\000l\000d\000F\000E\000M\000S\000p\000a\000c\000e\000\050\000\051\000\040\000[\0001\000/\0002\000]}{subsection.5.5.2}% 45
\BOOKMARK [3][-]{subsubsection.5.5.2.6}{\376\377\0005\000.\0005\000.\0002\000.\0006\000\040\000b\000u\000i\000l\000d\000F\000E\000M\000S\000p\000a\000c\000e\000\050\000\051\000\040\000[\0002\000/\0002\000]}{subsection.5.5.2}% 46
\BOOKMARK [3][-]{subsubsection.5.5.2.7}{\376\377\0005\000.\0005\000.\0002\000.\0007\000\040\000D\000i\000r\000i\000c\000h\000l\000e\000t\000B\000C\000\050\000\051\000\040\000[\0001\000/\0002\000]}{subsection.5.5.2}% 47
\BOOKMARK [3][-]{subsubsection.5.5.2.8}{\376\377\0005\000.\0005\000.\0002\000.\0008\000\040\000D\000i\000r\000i\000c\000h\000l\000e\000t\000B\000C\000\050\000\051\000\040\000[\0002\000/\0002\000]}{subsection.5.5.2}% 48
\BOOKMARK [3][-]{subsubsection.5.5.2.9}{\376\377\0005\000.\0005\000.\0002\000.\0009\000\040\000g\000e\000t\000E\000r\000r\000o\000r\000\050\000\051\000\040\000[\0001\000/\0002\000]}{subsection.5.5.2}% 49
\BOOKMARK [3][-]{subsubsection.5.5.2.10}{\376\377\0005\000.\0005\000.\0002\000.\0001\0000\000\040\000g\000e\000t\000E\000r\000r\000o\000r\000\050\000\051\000\040\000[\0002\000/\0002\000]}{subsection.5.5.2}% 50
\BOOKMARK [3][-]{subsubsection.5.5.2.11}{\376\377\0005\000.\0005\000.\0002\000.\0001\0001\000\040\000g\000e\000t\000I\000n\000d\000i\000c\000a\000t\000o\000r\000\050\000\051\000\040\000[\0001\000/\0002\000]}{subsection.5.5.2}% 51
\BOOKMARK [3][-]{subsubsection.5.5.2.12}{\376\377\0005\000.\0005\000.\0002\000.\0001\0002\000\040\000g\000e\000t\000I\000n\000d\000i\000c\000a\000t\000o\000r\000\050\000\051\000\040\000[\0002\000/\0002\000]}{subsection.5.5.2}% 52
\BOOKMARK [3][-]{subsubsection.5.5.2.13}{\376\377\0005\000.\0005\000.\0002\000.\0001\0003\000\040\000g\000e\000t\000M\000a\000t\000\050\000\051\000\040\000[\0001\000/\0002\000]}{subsection.5.5.2}% 53
\BOOKMARK [3][-]{subsubsection.5.5.2.14}{\376\377\0005\000.\0005\000.\0002\000.\0001\0004\000\040\000g\000e\000t\000M\000a\000t\000\050\000\051\000\040\000[\0002\000/\0002\000]}{subsection.5.5.2}% 54
\BOOKMARK [3][-]{subsubsection.5.5.2.15}{\376\377\0005\000.\0005\000.\0002\000.\0001\0005\000\040\000g\000e\000t\000R\000h\000s\000\050\000\051\000\040\000[\0001\000/\0002\000]}{subsection.5.5.2}% 55
\BOOKMARK [3][-]{subsubsection.5.5.2.16}{\376\377\0005\000.\0005\000.\0002\000.\0001\0006\000\040\000g\000e\000t\000R\000h\000s\000\050\000\051\000\040\000[\0002\000/\0002\000]}{subsection.5.5.2}% 56
\BOOKMARK [3][-]{subsubsection.5.5.2.17}{\376\377\0005\000.\0005\000.\0002\000.\0001\0007\000\040\000i\000n\000i\000t\000\050\000\051\000\040\000[\0001\000/\0002\000]}{subsection.5.5.2}% 57
\BOOKMARK [3][-]{subsubsection.5.5.2.18}{\376\377\0005\000.\0005\000.\0002\000.\0001\0008\000\040\000i\000n\000i\000t\000\050\000\051\000\040\000[\0002\000/\0002\000]}{subsection.5.5.2}% 58
\BOOKMARK [3][-]{subsubsection.5.5.2.19}{\376\377\0005\000.\0005\000.\0002\000.\0001\0009\000\040\000N\000e\000u\000m\000m\000a\000n\000B\000C\000\050\000\051\000\040\000[\0001\000/\0002\000]}{subsection.5.5.2}% 59
\BOOKMARK [3][-]{subsubsection.5.5.2.20}{\376\377\0005\000.\0005\000.\0002\000.\0002\0000\000\040\000N\000e\000u\000m\000m\000a\000n\000B\000C\000\050\000\051\000\040\000[\0002\000/\0002\000]}{subsection.5.5.2}% 60
\BOOKMARK [3][-]{subsubsection.5.5.2.21}{\376\377\0005\000.\0005\000.\0002\000.\0002\0001\000\040\000r\000u\000n\000\050\000\051\000\040\000[\0001\000/\0002\000]}{subsection.5.5.2}% 61
\BOOKMARK [3][-]{subsubsection.5.5.2.22}{\376\377\0005\000.\0005\000.\0002\000.\0002\0002\000\040\000r\000u\000n\000\050\000\051\000\040\000[\0002\000/\0002\000]}{subsection.5.5.2}% 62
\BOOKMARK [3][-]{subsubsection.5.5.2.23}{\376\377\0005\000.\0005\000.\0002\000.\0002\0003\000\040\000s\000a\000v\000e\000D\000a\000t\000a\000\050\000\051\000\040\000[\0001\000/\0002\000]}{subsection.5.5.2}% 63
\BOOKMARK [3][-]{subsubsection.5.5.2.24}{\376\377\0005\000.\0005\000.\0002\000.\0002\0004\000\040\000s\000a\000v\000e\000D\000a\000t\000a\000\050\000\051\000\040\000[\0002\000/\0002\000]}{subsection.5.5.2}% 64
\BOOKMARK [3][-]{subsubsection.5.5.2.25}{\376\377\0005\000.\0005\000.\0002\000.\0002\0005\000\040\000s\000o\000l\000v\000e\000\050\000\051\000\040\000[\0001\000/\0002\000]}{subsection.5.5.2}% 65
\BOOKMARK [3][-]{subsubsection.5.5.2.26}{\376\377\0005\000.\0005\000.\0002\000.\0002\0006\000\040\000s\000o\000l\000v\000e\000\050\000\051\000\040\000[\0002\000/\0002\000]}{subsection.5.5.2}% 66
\BOOKMARK [3][-]{subsubsection.5.5.2.27}{\376\377\0005\000.\0005\000.\0002\000.\0002\0007\000\040\000u\000p\000d\000a\000t\000e\000D\000G\000G\000e\000o\000m\000e\000t\000r\000y\000C\000a\000c\000h\000e\000\050\000\051\000\040\000[\0001\000/\0002\000]}{subsection.5.5.2}% 67
\BOOKMARK [3][-]{subsubsection.5.5.2.28}{\376\377\0005\000.\0005\000.\0002\000.\0002\0008\000\040\000u\000p\000d\000a\000t\000e\000D\000G\000G\000e\000o\000m\000e\000t\000r\000y\000C\000a\000c\000h\000e\000\050\000\051\000\040\000[\0002\000/\0002\000]}{subsection.5.5.2}% 68
\BOOKMARK [3][-]{subsubsection.5.5.2.29}{\376\377\0005\000.\0005\000.\0002\000.\0002\0009\000\040\000u\000p\000d\000a\000t\000e\000G\000e\000o\000m\000e\000t\000r\000y\000C\000a\000c\000h\000e\000\050\000\051\000\040\000[\0001\000/\0002\000]}{subsection.5.5.2}% 69
\BOOKMARK [3][-]{subsubsection.5.5.2.30}{\376\377\0005\000.\0005\000.\0002\000.\0003\0000\000\040\000u\000p\000d\000a\000t\000e\000G\000e\000o\000m\000e\000t\000r\000y\000C\000a\000c\000h\000e\000\050\000\051\000\040\000[\0002\000/\0002\000]}{subsection.5.5.2}% 70
\BOOKMARK [2][-]{subsection.5.5.3}{\376\377\0005\000.\0005\000.\0003\000\040\000M\000e\000m\000b\000e\000r\000\040\000D\000a\000t\000a\000\040\000D\000o\000c\000u\000m\000e\000n\000t\000a\000t\000i\000o\000n}{section.5.5}% 71
\BOOKMARK [3][-]{subsubsection.5.5.3.1}{\376\377\0005\000.\0005\000.\0003\000.\0001\000\040\000d\000g\000\137\000t\000e\000m\000p\000l\000a\000t\000e\000\137\000e\000l\000e\000m\000e\000n\000t}{subsection.5.5.3}% 72
\BOOKMARK [3][-]{subsubsection.5.5.3.2}{\376\377\0005\000.\0005\000.\0003\000.\0002\000\040\000d\000t}{subsection.5.5.3}% 73
\BOOKMARK [3][-]{subsubsection.5.5.3.3}{\376\377\0005\000.\0005\000.\0003\000.\0003\000\040\000e\000d\000g\000e\000\137\000c\000a\000c\000h\000e}{subsection.5.5.3}% 74
\BOOKMARK [3][-]{subsubsection.5.5.3.4}{\376\377\0005\000.\0005\000.\0003\000.\0004\000\040\000e\000l\000e\000m\000e\000n\000t\000\137\000c\000a\000c\000h\000e\000\040\000[\0001\000/\0002\000]}{subsection.5.5.3}% 75
\BOOKMARK [3][-]{subsubsection.5.5.3.5}{\376\377\0005\000.\0005\000.\0003\000.\0005\000\040\000e\000l\000e\000m\000e\000n\000t\000\137\000c\000a\000c\000h\000e\000\040\000[\0002\000/\0002\000]}{subsection.5.5.3}% 76
\BOOKMARK [3][-]{subsubsection.5.5.3.6}{\376\377\0005\000.\0005\000.\0003\000.\0006\000\040\000f\000e\000m\000\137\000s\000p\000a\000c\000e\000\040\000[\0001\000/\0002\000]}{subsection.5.5.3}% 77
\BOOKMARK [3][-]{subsubsection.5.5.3.7}{\376\377\0005\000.\0005\000.\0003\000.\0007\000\040\000f\000e\000m\000\137\000s\000p\000a\000c\000e\000\040\000[\0002\000/\0002\000]}{subsection.5.5.3}% 78
\BOOKMARK [3][-]{subsubsection.5.5.3.8}{\376\377\0005\000.\0005\000.\0003\000.\0008\000\040\000h\000\137\000t\000r\000e\000e}{subsection.5.5.3}% 79
\BOOKMARK [3][-]{subsubsection.5.5.3.9}{\376\377\0005\000.\0005\000.\0003\000.\0009\000\040\000i\000n\000d\000i\000c\000a\000t\000o\000r}{subsection.5.5.3}% 80
\BOOKMARK [3][-]{subsubsection.5.5.3.10}{\376\377\0005\000.\0005\000.\0003\000.\0001\0000\000\040\000i\000n\000t\000e\000r\000v\000a\000l\000\137\000t\000e\000m\000p\000l\000a\000t\000e\000\137\000g\000e\000o\000m\000e\000t\000r\000y}{subsection.5.5.3}% 81
\BOOKMARK [3][-]{subsubsection.5.5.3.11}{\376\377\0005\000.\0005\000.\0003\000.\0001\0001\000\040\000i\000n\000t\000e\000r\000v\000a\000l\000\137\000t\000o\0002\000d\000\137\000c\000o\000o\000r\000d\000\137\000t\000r\000a\000n\000s\000f\000o\000r\000m}{subsection.5.5.3}% 82
\BOOKMARK [3][-]{subsubsection.5.5.3.12}{\376\377\0005\000.\0005\000.\0003\000.\0001\0002\000\040\000i\000r\000\137\000m\000e\000s\000h}{subsection.5.5.3}% 83
\BOOKMARK [3][-]{subsubsection.5.5.3.13}{\376\377\0005\000.\0005\000.\0003\000.\0001\0003\000\040\000m\000e\000s\000h\000\137\000a\000d\000a\000p\000t\000o\000r}{subsection.5.5.3}% 84
\BOOKMARK [3][-]{subsubsection.5.5.3.14}{\376\377\0005\000.\0005\000.\0003\000.\0001\0004\000\040\000m\000e\000s\000h\000\137\000f\000i\000l\000e}{subsection.5.5.3}% 85
\BOOKMARK [3][-]{subsubsection.5.5.3.15}{\376\377\0005\000.\0005\000.\0003\000.\0001\0005\000\040\000r\000h\000s}{subsection.5.5.3}% 86
\BOOKMARK [3][-]{subsubsection.5.5.3.16}{\376\377\0005\000.\0005\000.\0003\000.\0001\0006\000\040\000s\000o\000l\000u\000t\000i\000o\000n}{subsection.5.5.3}% 87
\BOOKMARK [3][-]{subsubsection.5.5.3.17}{\376\377\0005\000.\0005\000.\0003\000.\0001\0007\000\040\000s\000t\000i\000f\000f\000\137\000m\000a\000t\000r\000i\000x}{subsection.5.5.3}% 88
\BOOKMARK [3][-]{subsubsection.5.5.3.18}{\376\377\0005\000.\0005\000.\0003\000.\0001\0008\000\040\000s\000y\000s\000\137\000t\0000}{subsection.5.5.3}% 89
\BOOKMARK [3][-]{subsubsection.5.5.3.19}{\376\377\0005\000.\0005\000.\0003\000.\0001\0009\000\040\000t\000e\000m\000p\000l\000a\000t\000e\000\137\000e\000l\000e\000m\000e\000n\000t\000\040\000[\0001\000/\0002\000]}{subsection.5.5.3}% 90
\BOOKMARK [3][-]{subsubsection.5.5.3.20}{\376\377\0005\000.\0005\000.\0003\000.\0002\0000\000\040\000t\000e\000m\000p\000l\000a\000t\000e\000\137\000e\000l\000e\000m\000e\000n\000t\000\040\000[\0002\000/\0002\000]}{subsection.5.5.3}% 91
\BOOKMARK [3][-]{subsubsection.5.5.3.21}{\376\377\0005\000.\0005\000.\0003\000.\0002\0001\000\040\000t\000r\000i\000a\000n\000g\000l\000e\000\137\000b\000a\000s\000i\000s\000\137\000f\000u\000n\000c\000t\000i\000o\000n\000\040\000[\0001\000/\0002\000]}{subsection.5.5.3}% 92
\BOOKMARK [3][-]{subsubsection.5.5.3.22}{\376\377\0005\000.\0005\000.\0003\000.\0002\0002\000\040\000t\000r\000i\000a\000n\000g\000l\000e\000\137\000b\000a\000s\000i\000s\000\137\000f\000u\000n\000c\000t\000i\000o\000n\000\040\000[\0002\000/\0002\000]}{subsection.5.5.3}% 93
\BOOKMARK [3][-]{subsubsection.5.5.3.23}{\376\377\0005\000.\0005\000.\0003\000.\0002\0003\000\040\000t\000r\000i\000a\000n\000g\000l\000e\000\137\000c\000o\000o\000r\000d\000\137\000t\000r\000a\000n\000s\000f\000o\000r\000m}{subsection.5.5.3}% 94
\BOOKMARK [3][-]{subsubsection.5.5.3.24}{\376\377\0005\000.\0005\000.\0003\000.\0002\0004\000\040\000t\000r\000i\000a\000n\000g\000l\000e\000\137\000t\000e\000m\000p\000l\000a\000t\000e\000\137\000d\000o\000f}{subsection.5.5.3}% 95
\BOOKMARK [3][-]{subsubsection.5.5.3.25}{\376\377\0005\000.\0005\000.\0003\000.\0002\0005\000\040\000t\000r\000i\000a\000n\000g\000l\000e\000\137\000t\000e\000m\000p\000l\000a\000t\000e\000\137\000g\000e\000o\000m\000e\000t\000r\000y}{subsection.5.5.3}% 96
\BOOKMARK [3][-]{subsubsection.5.5.3.26}{\376\377\0005\000.\0005\000.\0003\000.\0002\0006\000\040\000t\000r\000i\000a\000n\000g\000l\000e\000\137\000u\000n\000i\000t\000\137\000o\000u\000t\000\137\000n\000o\000r\000m\000a\000l}{subsection.5.5.3}% 97
\BOOKMARK [3][-]{subsubsection.5.5.3.27}{\376\377\0005\000.\0005\000.\0003\000.\0002\0007\000\040\000t\000r\000i\000p\000l\000e\000t\000s}{subsection.5.5.3}% 98
\BOOKMARK [3][-]{subsubsection.5.5.3.28}{\376\377\0005\000.\0005\000.\0003\000.\0002\0008\000\040\000t\000w\000i\000n\000\137\000t\000r\000i\000a\000n\000g\000l\000e\000\137\000b\000a\000s\000i\000s\000\137\000f\000u\000n\000c\000t\000i\000o\000n\000\040\000[\0001\000/\0002\000]}{subsection.5.5.3}% 99
\BOOKMARK [3][-]{subsubsection.5.5.3.29}{\376\377\0005\000.\0005\000.\0003\000.\0002\0009\000\040\000t\000w\000i\000n\000\137\000t\000r\000i\000a\000n\000g\000l\000e\000\137\000b\000a\000s\000i\000s\000\137\000f\000u\000n\000c\000t\000i\000o\000n\000\040\000[\0002\000/\0002\000]}{subsection.5.5.3}% 100
\BOOKMARK [3][-]{subsubsection.5.5.3.30}{\376\377\0005\000.\0005\000.\0003\000.\0003\0000\000\040\000t\000w\000i\000n\000\137\000t\000r\000i\000a\000n\000g\000l\000e\000\137\000c\000o\000o\000r\000d\000\137\000t\000r\000a\000n\000s\000f\000o\000r\000m}{subsection.5.5.3}% 101
\BOOKMARK [3][-]{subsubsection.5.5.3.31}{\376\377\0005\000.\0005\000.\0003\000.\0003\0001\000\040\000t\000w\000i\000n\000\137\000t\000r\000i\000a\000n\000g\000l\000e\000\137\000t\000e\000m\000p\000l\000a\000t\000e\000\137\000d\000o\000f}{subsection.5.5.3}% 102
\BOOKMARK [3][-]{subsubsection.5.5.3.32}{\376\377\0005\000.\0005\000.\0003\000.\0003\0002\000\040\000t\000w\000i\000n\000\137\000t\000r\000i\000a\000n\000g\000l\000e\000\137\000t\000e\000m\000p\000l\000a\000t\000e\000\137\000g\000e\000o\000m\000e\000t\000r\000y}{subsection.5.5.3}% 103
\BOOKMARK [3][-]{subsubsection.5.5.3.33}{\376\377\0005\000.\0005\000.\0003\000.\0003\0003\000\040\000t\000w\000i\000n\000\137\000t\000r\000i\000a\000n\000g\000l\000e\000\137\000u\000n\000i\000t\000\137\000o\000u\000t\000\137\000n\000o\000r\000m\000a\000l}{subsection.5.5.3}% 104
\BOOKMARK [3][-]{subsubsection.5.5.3.34}{\376\377\0005\000.\0005\000.\0003\000.\0003\0004\000\040\000u\000\137\000i\000m\000\040\000[\0001\000/\0002\000]}{subsection.5.5.3}% 105
\BOOKMARK [3][-]{subsubsection.5.5.3.35}{\376\377\0005\000.\0005\000.\0003\000.\0003\0005\000\040\000u\000\137\000i\000m\000\040\000[\0002\000/\0002\000]}{subsection.5.5.3}% 106
\BOOKMARK [3][-]{subsubsection.5.5.3.36}{\376\377\0005\000.\0005\000.\0003\000.\0003\0006\000\040\000u\000\137\000r\000e\000\040\000[\0001\000/\0002\000]}{subsection.5.5.3}% 107
\BOOKMARK [3][-]{subsubsection.5.5.3.37}{\376\377\0005\000.\0005\000.\0003\000.\0003\0007\000\040\000u\000\137\000r\000e\000\040\000[\0002\000/\0002\000]}{subsection.5.5.3}% 108
\BOOKMARK [0][-]{chapter.6}{\376\377\0006\000\040\000F\000i\000l\000e\000\040\000D\000o\000c\000u\000m\000e\000n\000t\000a\000t\000i\000o\000n}{}% 109
\BOOKMARK [1][-]{section.6.1}{\376\377\0006\000.\0001\000\040\000c\000o\000m\000p\000l\000e\000x\000\137\000e\000d\000g\000e\000\137\000T\000H\000F\000E\000M\000/\000D\000.\000d\000\040\000F\000i\000l\000e\000\040\000R\000e\000f\000e\000r\000e\000n\000c\000e}{chapter.6}% 110
\BOOKMARK [1][-]{section.6.2}{\376\377\0006\000.\0002\000\040\000c\000o\000m\000p\000l\000e\000x\000\137\000n\000o\000d\000e\000\137\000T\000H\000F\000E\000M\000/\000D\000.\000d\000\040\000F\000i\000l\000e\000\040\000R\000e\000f\000e\000r\000e\000n\000c\000e}{chapter.6}% 111
\BOOKMARK [1][-]{section.6.3}{\376\377\0006\000.\0003\000\040\000c\000o\000m\000p\000l\000e\000x\000\137\000e\000d\000g\000e\000\137\000T\000H\000F\000E\000M\000/\000d\000a\000t\000a\000c\000a\000c\000h\000e\000.\000c\000p\000p\000\040\000F\000i\000l\000e\000\040\000R\000e\000f\000e\000r\000e\000n\000c\000e}{chapter.6}% 112
\BOOKMARK [2][-]{subsection.6.3.1}{\376\377\0006\000.\0003\000.\0001\000\040\000F\000u\000n\000c\000t\000i\000o\000n\000\040\000D\000o\000c\000u\000m\000e\000n\000t\000a\000t\000i\000o\000n}{section.6.3}% 113
\BOOKMARK [3][-]{subsubsection.6.3.1.1}{\376\377\0006\000.\0003\000.\0001\000.\0001\000\040\000u\000p\000d\000a\000t\000e\000E\000l\000e\000m\000e\000n\000t\000G\000e\000o\000m\000e\000t\000r\000y\000I\000n\000f\000o\000\050\000\051}{subsection.6.3.1}% 114
\BOOKMARK [1][-]{section.6.4}{\376\377\0006\000.\0004\000\040\000c\000o\000m\000p\000l\000e\000x\000\137\000n\000o\000d\000e\000\137\000T\000H\000F\000E\000M\000/\000d\000a\000t\000a\000c\000a\000c\000h\000e\000.\000c\000p\000p\000\040\000F\000i\000l\000e\000\040\000R\000e\000f\000e\000r\000e\000n\000c\000e}{chapter.6}% 115
\BOOKMARK [2][-]{subsection.6.4.1}{\376\377\0006\000.\0004\000.\0001\000\040\000F\000u\000n\000c\000t\000i\000o\000n\000\040\000D\000o\000c\000u\000m\000e\000n\000t\000a\000t\000i\000o\000n}{section.6.4}% 116
\BOOKMARK [3][-]{subsubsection.6.4.1.1}{\376\377\0006\000.\0004\000.\0001\000.\0001\000\040\000u\000p\000d\000a\000t\000e\000E\000d\000g\000e\000G\000e\000o\000m\000e\000t\000r\000y\000I\000n\000f\000o\000\050\000\051}{subsection.6.4.1}% 117
\BOOKMARK [3][-]{subsubsection.6.4.1.2}{\376\377\0006\000.\0004\000.\0001\000.\0002\000\040\000u\000p\000d\000a\000t\000e\000E\000l\000e\000m\000e\000n\000t\000G\000e\000o\000m\000e\000t\000r\000y\000I\000n\000f\000o\000\050\000\051}{subsection.6.4.1}% 118
\BOOKMARK [1][-]{section.6.5}{\376\377\0006\000.\0005\000\040\000c\000o\000m\000p\000l\000e\000x\000\137\000e\000d\000g\000e\000\137\000T\000H\000F\000E\000M\000/\000d\000a\000t\000a\000c\000a\000c\000h\000e\000.\000h\000\040\000F\000i\000l\000e\000\040\000R\000e\000f\000e\000r\000e\000n\000c\000e}{chapter.6}% 119
\BOOKMARK [1][-]{section.6.6}{\376\377\0006\000.\0006\000\040\000c\000o\000m\000p\000l\000e\000x\000\137\000n\000o\000d\000e\000\137\000T\000H\000F\000E\000M\000/\000d\000a\000t\000a\000c\000a\000c\000h\000e\000.\000h\000\040\000F\000i\000l\000e\000\040\000R\000e\000f\000e\000r\000e\000n\000c\000e}{chapter.6}% 120
\BOOKMARK [1][-]{section.6.7}{\376\377\0006\000.\0007\000\040\000c\000o\000m\000p\000l\000e\000x\000\137\000e\000d\000g\000e\000\137\000T\000H\000F\000E\000M\000/\000e\000m\000d\000e\000f\000s\000.\000h\000\040\000F\000i\000l\000e\000\040\000R\000e\000f\000e\000r\000e\000n\000c\000e}{chapter.6}% 121
\BOOKMARK [2][-]{subsection.6.7.1}{\376\377\0006\000.\0007\000.\0001\000\040\000M\000a\000c\000r\000o\000\040\000D\000e\000f\000i\000n\000i\000t\000i\000o\000n\000\040\000D\000o\000c\000u\000m\000e\000n\000t\000a\000t\000i\000o\000n}{section.6.7}% 122
\BOOKMARK [3][-]{subsubsection.6.7.1.1}{\376\377\0006\000.\0007\000.\0001\000.\0001\000\040\000P\000I}{subsection.6.7.1}% 123
\BOOKMARK [2][-]{subsection.6.7.2}{\376\377\0006\000.\0007\000.\0002\000\040\000T\000y\000p\000e\000d\000e\000f\000\040\000D\000o\000c\000u\000m\000e\000n\000t\000a\000t\000i\000o\000n}{section.6.7}% 124
\BOOKMARK [3][-]{subsubsection.6.7.2.1}{\376\377\0006\000.\0007\000.\0002\000.\0001\000\040\000C\000F\000u\000n\000c}{subsection.6.7.2}% 125
\BOOKMARK [3][-]{subsubsection.6.7.2.2}{\376\377\0006\000.\0007\000.\0002\000.\0002\000\040\000c\000v\000a\000l\000t\000y\000p\000e}{subsection.6.7.2}% 126
\BOOKMARK [3][-]{subsubsection.6.7.2.3}{\376\377\0006\000.\0007\000.\0002\000.\0003\000\040\000c\000v\000e\000c\000\137\000t\000y\000p\000e}{subsection.6.7.2}% 127
\BOOKMARK [3][-]{subsubsection.6.7.2.4}{\376\377\0006\000.\0007\000.\0002\000.\0004\000\040\000C\000v\000F\000u\000n\000c}{subsection.6.7.2}% 128
\BOOKMARK [3][-]{subsubsection.6.7.2.5}{\376\377\0006\000.\0007\000.\0002\000.\0005\000\040\000e\000m\000t\000y\000p\000e}{subsection.6.7.2}% 129
\BOOKMARK [3][-]{subsubsection.6.7.2.6}{\376\377\0006\000.\0007\000.\0002\000.\0006\000\040\000F\000u\000n\000c}{subsection.6.7.2}% 130
\BOOKMARK [3][-]{subsubsection.6.7.2.7}{\376\377\0006\000.\0007\000.\0002\000.\0007\000\040\000v\000a\000l\000t\000y\000p\000e}{subsection.6.7.2}% 131
\BOOKMARK [3][-]{subsubsection.6.7.2.8}{\376\377\0006\000.\0007\000.\0002\000.\0008\000\040\000v\000e\000c\000\137\000t\000y\000p\000e}{subsection.6.7.2}% 132
\BOOKMARK [3][-]{subsubsection.6.7.2.9}{\376\377\0006\000.\0007\000.\0002\000.\0009\000\040\000v\000F\000u\000n\000c}{subsection.6.7.2}% 133
\BOOKMARK [2][-]{subsection.6.7.3}{\376\377\0006\000.\0007\000.\0003\000\040\000F\000u\000n\000c\000t\000i\000o\000n\000\040\000D\000o\000c\000u\000m\000e\000n\000t\000a\000t\000i\000o\000n}{section.6.7}% 134
\BOOKMARK [3][-]{subsubsection.6.7.3.1}{\376\377\0006\000.\0007\000.\0003\000.\0001\000\040\000I\000\050\000\051}{subsection.6.7.3}% 135
\BOOKMARK [2][-]{subsection.6.7.4}{\376\377\0006\000.\0007\000.\0004\000\040\000V\000a\000r\000i\000a\000b\000l\000e\000\040\000D\000o\000c\000u\000m\000e\000n\000t\000a\000t\000i\000o\000n}{section.6.7}% 136
\BOOKMARK [3][-]{subsubsection.6.7.4.1}{\376\377\0006\000.\0007\000.\0004\000.\0001\000\040\000C}{subsection.6.7.4}% 137
\BOOKMARK [3][-]{subsubsection.6.7.4.2}{\376\377\0006\000.\0007\000.\0004\000.\0002\000\040\000e\000p\000s\0000}{subsection.6.7.4}% 138
\BOOKMARK [3][-]{subsubsection.6.7.4.3}{\376\377\0006\000.\0007\000.\0004\000.\0003\000\040\000m\000u\000e\0000}{subsection.6.7.4}% 139
\BOOKMARK [1][-]{section.6.8}{\376\377\0006\000.\0008\000\040\000c\000o\000m\000p\000l\000e\000x\000\137\000n\000o\000d\000e\000\137\000T\000H\000F\000E\000M\000/\000e\000m\000d\000e\000f\000s\000.\000h\000\040\000F\000i\000l\000e\000\040\000R\000e\000f\000e\000r\000e\000n\000c\000e}{chapter.6}% 140
\BOOKMARK [2][-]{subsection.6.8.1}{\376\377\0006\000.\0008\000.\0001\000\040\000M\000a\000c\000r\000o\000\040\000D\000e\000f\000i\000n\000i\000t\000i\000o\000n\000\040\000D\000o\000c\000u\000m\000e\000n\000t\000a\000t\000i\000o\000n}{section.6.8}% 141
\BOOKMARK [3][-]{subsubsection.6.8.1.1}{\376\377\0006\000.\0008\000.\0001\000.\0001\000\040\000P\000I}{subsection.6.8.1}% 142
\BOOKMARK [2][-]{subsection.6.8.2}{\376\377\0006\000.\0008\000.\0002\000\040\000T\000y\000p\000e\000d\000e\000f\000\040\000D\000o\000c\000u\000m\000e\000n\000t\000a\000t\000i\000o\000n}{section.6.8}% 143
\BOOKMARK [3][-]{subsubsection.6.8.2.1}{\376\377\0006\000.\0008\000.\0002\000.\0001\000\040\000C\000F\000u\000n\000c}{subsection.6.8.2}% 144
\BOOKMARK [3][-]{subsubsection.6.8.2.2}{\376\377\0006\000.\0008\000.\0002\000.\0002\000\040\000c\000v\000a\000l\000t\000y\000p\000e}{subsection.6.8.2}% 145
\BOOKMARK [3][-]{subsubsection.6.8.2.3}{\376\377\0006\000.\0008\000.\0002\000.\0003\000\040\000e\000m\000t\000y\000p\000e}{subsection.6.8.2}% 146
\BOOKMARK [3][-]{subsubsection.6.8.2.4}{\376\377\0006\000.\0008\000.\0002\000.\0004\000\040\000F\000u\000n\000c}{subsection.6.8.2}% 147
\BOOKMARK [3][-]{subsubsection.6.8.2.5}{\376\377\0006\000.\0008\000.\0002\000.\0005\000\040\000v\000a\000l\000t\000y\000p\000e}{subsection.6.8.2}% 148
\BOOKMARK [2][-]{subsection.6.8.3}{\376\377\0006\000.\0008\000.\0003\000\040\000F\000u\000n\000c\000t\000i\000o\000n\000\040\000D\000o\000c\000u\000m\000e\000n\000t\000a\000t\000i\000o\000n}{section.6.8}% 149
\BOOKMARK [3][-]{subsubsection.6.8.3.1}{\376\377\0006\000.\0008\000.\0003\000.\0001\000\040\000I\000\050\000\051}{subsection.6.8.3}% 150
\BOOKMARK [2][-]{subsection.6.8.4}{\376\377\0006\000.\0008\000.\0004\000\040\000V\000a\000r\000i\000a\000b\000l\000e\000\040\000D\000o\000c\000u\000m\000e\000n\000t\000a\000t\000i\000o\000n}{section.6.8}% 151
\BOOKMARK [3][-]{subsubsection.6.8.4.1}{\376\377\0006\000.\0008\000.\0004\000.\0001\000\040\000C}{subsection.6.8.4}% 152
\BOOKMARK [3][-]{subsubsection.6.8.4.2}{\376\377\0006\000.\0008\000.\0004\000.\0002\000\040\000e\000p\000s\0000}{subsection.6.8.4}% 153
\BOOKMARK [3][-]{subsubsection.6.8.4.3}{\376\377\0006\000.\0008\000.\0004\000.\0003\000\040\000m\000u\000e\0000}{subsection.6.8.4}% 154
\BOOKMARK [1][-]{section.6.9}{\376\377\0006\000.\0009\000\040\000c\000o\000m\000p\000l\000e\000x\000\137\000e\000d\000g\000e\000\137\000T\000H\000F\000E\000M\000/\000m\000a\000i\000n\000.\000c\000p\000p\000\040\000F\000i\000l\000e\000\040\000R\000e\000f\000e\000r\000e\000n\000c\000e}{chapter.6}% 155
\BOOKMARK [2][-]{subsection.6.9.1}{\376\377\0006\000.\0009\000.\0001\000\040\000M\000a\000c\000r\000o\000\040\000D\000e\000f\000i\000n\000i\000t\000i\000o\000n\000\040\000D\000o\000c\000u\000m\000e\000n\000t\000a\000t\000i\000o\000n}{section.6.9}% 156
\BOOKMARK [3][-]{subsubsection.6.9.1.1}{\376\377\0006\000.\0009\000.\0001\000.\0001\000\040\000E\000M\000U\000N\000I\000T\000S}{subsection.6.9.1}% 157
\BOOKMARK [2][-]{subsection.6.9.2}{\376\377\0006\000.\0009\000.\0002\000\040\000F\000u\000n\000c\000t\000i\000o\000n\000\040\000D\000o\000c\000u\000m\000e\000n\000t\000a\000t\000i\000o\000n}{section.6.9}% 158
\BOOKMARK [3][-]{subsubsection.6.9.2.1}{\376\377\0006\000.\0009\000.\0002\000.\0001\000\040\000m\000a\000i\000n\000\050\000\051}{subsection.6.9.2}% 159
\BOOKMARK [1][-]{section.6.10}{\376\377\0006\000.\0001\0000\000\040\000c\000o\000m\000p\000l\000e\000x\000\137\000n\000o\000d\000e\000\137\000T\000H\000F\000E\000M\000/\000m\000a\000i\000n\000.\000c\000p\000p\000\040\000F\000i\000l\000e\000\040\000R\000e\000f\000e\000r\000e\000n\000c\000e}{chapter.6}% 160
\BOOKMARK [2][-]{subsection.6.10.1}{\376\377\0006\000.\0001\0000\000.\0001\000\040\000M\000a\000c\000r\000o\000\040\000D\000e\000f\000i\000n\000i\000t\000i\000o\000n\000\040\000D\000o\000c\000u\000m\000e\000n\000t\000a\000t\000i\000o\000n}{section.6.10}% 161
\BOOKMARK [3][-]{subsubsection.6.10.1.1}{\376\377\0006\000.\0001\0000\000.\0001\000.\0001\000\040\000E\000M\000U\000N\000I\000T\000S}{subsection.6.10.1}% 162
\BOOKMARK [2][-]{subsection.6.10.2}{\376\377\0006\000.\0001\0000\000.\0002\000\040\000F\000u\000n\000c\000t\000i\000o\000n\000\040\000D\000o\000c\000u\000m\000e\000n\000t\000a\000t\000i\000o\000n}{section.6.10}% 163
\BOOKMARK [3][-]{subsubsection.6.10.2.1}{\376\377\0006\000.\0001\0000\000.\0002\000.\0001\000\040\000m\000a\000i\000n\000\050\000\051}{subsection.6.10.2}% 164
\BOOKMARK [1][-]{section.6.11}{\376\377\0006\000.\0001\0001\000\040\000c\000o\000m\000p\000l\000e\000x\000\137\000e\000d\000g\000e\000\137\000T\000H\000F\000E\000M\000/\000p\000a\000r\000a\000m\000e\000t\000e\000r\000.\000h\000\040\000F\000i\000l\000e\000\040\000R\000e\000f\000e\000r\000e\000n\000c\000e}{chapter.6}% 165
\BOOKMARK [2][-]{subsection.6.11.1}{\376\377\0006\000.\0001\0001\000.\0001\000\040\000F\000u\000n\000c\000t\000i\000o\000n\000\040\000D\000o\000c\000u\000m\000e\000n\000t\000a\000t\000i\000o\000n}{section.6.11}% 166
\BOOKMARK [3][-]{subsubsection.6.11.1.1}{\376\377\0006\000.\0001\0001\000.\0001\000.\0001\000\040\000a\000\050\000\051}{subsection.6.11.1}% 167
\BOOKMARK [3][-]{subsubsection.6.11.1.2}{\376\377\0006\000.\0001\0001\000.\0001\000.\0002\000\040\000b\000n\000d\000\050\000\051}{subsection.6.11.1}% 168
\BOOKMARK [3][-]{subsubsection.6.11.1.3}{\376\377\0006\000.\0001\0001\000.\0001\000.\0003\000\040\000c\000\050\000\051}{subsection.6.11.1}% 169
\BOOKMARK [3][-]{subsubsection.6.11.1.4}{\376\377\0006\000.\0001\0001\000.\0001\000.\0004\000\040\000f\000\050\000\051}{subsection.6.11.1}% 170
\BOOKMARK [3][-]{subsubsection.6.11.1.5}{\376\377\0006\000.\0001\0001\000.\0001\000.\0005\000\040\000g\0001\000\050\000\051}{subsection.6.11.1}% 171
\BOOKMARK [3][-]{subsubsection.6.11.1.6}{\376\377\0006\000.\0001\0001\000.\0001\000.\0006\000\040\000g\0002\000\050\000\051}{subsection.6.11.1}% 172
\BOOKMARK [3][-]{subsubsection.6.11.1.7}{\376\377\0006\000.\0001\0001\000.\0001\000.\0007\000\040\000g\0003\000\050\000\051}{subsection.6.11.1}% 173
\BOOKMARK [3][-]{subsubsection.6.11.1.8}{\376\377\0006\000.\0001\0001\000.\0001\000.\0008\000\040\000g\0004\000\050\000\051}{subsection.6.11.1}% 174
\BOOKMARK [3][-]{subsubsection.6.11.1.9}{\376\377\0006\000.\0001\0001\000.\0001\000.\0009\000\040\000q\000\050\000\051}{subsection.6.11.1}% 175
\BOOKMARK [3][-]{subsubsection.6.11.1.10}{\376\377\0006\000.\0001\0001\000.\0001\000.\0001\0000\000\040\000u\000\137\000e\000x\000a\000c\000t\000\050\000\051}{subsection.6.11.1}% 176
\BOOKMARK [3][-]{subsubsection.6.11.1.11}{\376\377\0006\000.\0001\0001\000.\0001\000.\0001\0001\000\040\000v\000a\000l\000\137\0000\000\050\000\051}{subsection.6.11.1}% 177
\BOOKMARK [2][-]{subsection.6.11.2}{\376\377\0006\000.\0001\0001\000.\0002\000\040\000V\000a\000r\000i\000a\000b\000l\000e\000\040\000D\000o\000c\000u\000m\000e\000n\000t\000a\000t\000i\000o\000n}{section.6.11}% 178
\BOOKMARK [3][-]{subsubsection.6.11.2.1}{\376\377\0006\000.\0001\0001\000.\0002\000.\0001\000\040\000f\000r\000e\000q}{subsection.6.11.2}% 179
\BOOKMARK [3][-]{subsubsection.6.11.2.2}{\376\377\0006\000.\0001\0001\000.\0002\000.\0002\000\040\000k\0000}{subsection.6.11.2}% 180
\BOOKMARK [3][-]{subsubsection.6.11.2.3}{\376\377\0006\000.\0001\0001\000.\0002\000.\0003\000\040\000l\000a\000m\000b\000d\000a}{subsection.6.11.2}% 181
\BOOKMARK [1][-]{section.6.12}{\376\377\0006\000.\0001\0002\000\040\000c\000o\000m\000p\000l\000e\000x\000\137\000n\000o\000d\000e\000\137\000T\000H\000F\000E\000M\000/\000p\000a\000r\000a\000m\000e\000t\000e\000r\000.\000h\000\040\000F\000i\000l\000e\000\040\000R\000e\000f\000e\000r\000e\000n\000c\000e}{chapter.6}% 182
\BOOKMARK [2][-]{subsection.6.12.1}{\376\377\0006\000.\0001\0002\000.\0001\000\040\000F\000u\000n\000c\000t\000i\000o\000n\000\040\000D\000o\000c\000u\000m\000e\000n\000t\000a\000t\000i\000o\000n}{section.6.12}% 183
\BOOKMARK [3][-]{subsubsection.6.12.1.1}{\376\377\0006\000.\0001\0002\000.\0001\000.\0001\000\040\000a\000\050\000\051}{subsection.6.12.1}% 184
\BOOKMARK [3][-]{subsubsection.6.12.1.2}{\376\377\0006\000.\0001\0002\000.\0001\000.\0002\000\040\000b\000n\000d\000\050\000\051}{subsection.6.12.1}% 185
\BOOKMARK [3][-]{subsubsection.6.12.1.3}{\376\377\0006\000.\0001\0002\000.\0001\000.\0003\000\040\000c\000\050\000\051}{subsection.6.12.1}% 186
\BOOKMARK [3][-]{subsubsection.6.12.1.4}{\376\377\0006\000.\0001\0002\000.\0001\000.\0004\000\040\000f\000\050\000\051}{subsection.6.12.1}% 187
\BOOKMARK [3][-]{subsubsection.6.12.1.5}{\376\377\0006\000.\0001\0002\000.\0001\000.\0005\000\040\000g\0001\000\050\000\051}{subsection.6.12.1}% 188
\BOOKMARK [3][-]{subsubsection.6.12.1.6}{\376\377\0006\000.\0001\0002\000.\0001\000.\0006\000\040\000g\0002\000\050\000\051}{subsection.6.12.1}% 189
\BOOKMARK [3][-]{subsubsection.6.12.1.7}{\376\377\0006\000.\0001\0002\000.\0001\000.\0007\000\040\000g\0003\000\050\000\051}{subsection.6.12.1}% 190
\BOOKMARK [3][-]{subsubsection.6.12.1.8}{\376\377\0006\000.\0001\0002\000.\0001\000.\0008\000\040\000g\0004\000\050\000\051}{subsection.6.12.1}% 191
\BOOKMARK [3][-]{subsubsection.6.12.1.9}{\376\377\0006\000.\0001\0002\000.\0001\000.\0009\000\040\000q\000\050\000\051}{subsection.6.12.1}% 192
\BOOKMARK [3][-]{subsubsection.6.12.1.10}{\376\377\0006\000.\0001\0002\000.\0001\000.\0001\0000\000\040\000u\000\137\000e\000x\000a\000c\000t\000\050\000\051}{subsection.6.12.1}% 193
\BOOKMARK [2][-]{subsection.6.12.2}{\376\377\0006\000.\0001\0002\000.\0002\000\040\000V\000a\000r\000i\000a\000b\000l\000e\000\040\000D\000o\000c\000u\000m\000e\000n\000t\000a\000t\000i\000o\000n}{section.6.12}% 194
\BOOKMARK [3][-]{subsubsection.6.12.2.1}{\376\377\0006\000.\0001\0002\000.\0002\000.\0001\000\040\000f\000r\000e\000q}{subsection.6.12.2}% 195
\BOOKMARK [3][-]{subsubsection.6.12.2.2}{\376\377\0006\000.\0001\0002\000.\0002\000.\0002\000\040\000k\0000}{subsection.6.12.2}% 196
\BOOKMARK [3][-]{subsubsection.6.12.2.3}{\376\377\0006\000.\0001\0002\000.\0002\000.\0003\000\040\000l\000a\000m\000b\000d\000a}{subsection.6.12.2}% 197
\BOOKMARK [1][-]{section.6.13}{\376\377\0006\000.\0001\0003\000\040\000c\000o\000m\000p\000l\000e\000x\000\137\000e\000d\000g\000e\000\137\000T\000H\000F\000E\000M\000/\000u\000i\000e\000x\000p\000.\000c\000p\000p\000\040\000F\000i\000l\000e\000\040\000R\000e\000f\000e\000r\000e\000n\000c\000e}{chapter.6}% 198
\BOOKMARK [1][-]{section.6.14}{\376\377\0006\000.\0001\0004\000\040\000c\000o\000m\000p\000l\000e\000x\000\137\000n\000o\000d\000e\000\137\000T\000H\000F\000E\000M\000/\000u\000i\000e\000x\000p\000.\000c\000p\000p\000\040\000F\000i\000l\000e\000\040\000R\000e\000f\000e\000r\000e\000n\000c\000e}{chapter.6}% 199
\BOOKMARK [2][-]{subsection.6.14.1}{\376\377\0006\000.\0001\0004\000.\0001\000\040\000F\000u\000n\000c\000t\000i\000o\000n\000\040\000D\000o\000c\000u\000m\000e\000n\000t\000a\000t\000i\000o\000n}{section.6.14}% 200
\BOOKMARK [3][-]{subsubsection.6.14.1.1}{\376\377\0006\000.\0001\0004\000.\0001\000.\0001\000\040\000w\000r\000i\000t\000e\000M\000a\000t\000l\000a\000b\000D\000a\000t\000a\000\050\000\051}{subsection.6.14.1}% 201
\BOOKMARK [1][-]{section.6.15}{\376\377\0006\000.\0001\0005\000\040\000c\000o\000m\000p\000l\000e\000x\000\137\000e\000d\000g\000e\000\137\000T\000H\000F\000E\000M\000/\000u\000i\000e\000x\000p\000.\000h\000\040\000F\000i\000l\000e\000\040\000R\000e\000f\000e\000r\000e\000n\000c\000e}{chapter.6}% 202
\BOOKMARK [2][-]{subsection.6.15.1}{\376\377\0006\000.\0001\0005\000.\0001\000\040\000T\000y\000p\000e\000d\000e\000f\000\040\000D\000o\000c\000u\000m\000e\000n\000t\000a\000t\000i\000o\000n}{section.6.15}% 203
\BOOKMARK [3][-]{subsubsection.6.15.1.1}{\376\377\0006\000.\0001\0005\000.\0001\000.\0001\000\040\000T}{subsection.6.15.1}% 204
\BOOKMARK [2][-]{subsection.6.15.2}{\376\377\0006\000.\0001\0005\000.\0002\000\040\000V\000a\000r\000i\000a\000b\000l\000e\000\040\000D\000o\000c\000u\000m\000e\000n\000t\000a\000t\000i\000o\000n}{section.6.15}% 205
\BOOKMARK [3][-]{subsubsection.6.15.2.1}{\376\377\0006\000.\0001\0005\000.\0002\000.\0001\000\040\000D\000I\000M}{subsection.6.15.2}% 206
\BOOKMARK [3][-]{subsubsection.6.15.2.2}{\376\377\0006\000.\0001\0005\000.\0002\000.\0002\000\040\000D\000O\000W}{subsection.6.15.2}% 207
\BOOKMARK [3][-]{subsubsection.6.15.2.3}{\376\377\0006\000.\0001\0005\000.\0002\000.\0003\000\040\000T\000D\000I\000M}{subsection.6.15.2}% 208
\BOOKMARK [3][-]{subsubsection.6.15.2.4}{\376\377\0006\000.\0001\0005\000.\0002\000.\0004\000\040\000v\000e\000c\000t\000o\000r\000\137\000l\000e\000n\000g\000t\000h}{subsection.6.15.2}% 209
\BOOKMARK [1][-]{section.6.16}{\376\377\0006\000.\0001\0006\000\040\000c\000o\000m\000p\000l\000e\000x\000\137\000n\000o\000d\000e\000\137\000T\000H\000F\000E\000M\000/\000u\000i\000e\000x\000p\000.\000h\000\040\000F\000i\000l\000e\000\040\000R\000e\000f\000e\000r\000e\000n\000c\000e}{chapter.6}% 210
\BOOKMARK [2][-]{subsection.6.16.1}{\376\377\0006\000.\0001\0006\000.\0001\000\040\000T\000y\000p\000e\000d\000e\000f\000\040\000D\000o\000c\000u\000m\000e\000n\000t\000a\000t\000i\000o\000n}{section.6.16}% 211
\BOOKMARK [3][-]{subsubsection.6.16.1.1}{\376\377\0006\000.\0001\0006\000.\0001\000.\0001\000\040\000T}{subsection.6.16.1}% 212
\BOOKMARK [2][-]{subsection.6.16.2}{\376\377\0006\000.\0001\0006\000.\0002\000\040\000V\000a\000r\000i\000a\000b\000l\000e\000\040\000D\000o\000c\000u\000m\000e\000n\000t\000a\000t\000i\000o\000n}{section.6.16}% 213
\BOOKMARK [3][-]{subsubsection.6.16.2.1}{\376\377\0006\000.\0001\0006\000.\0002\000.\0001\000\040\000D\000I\000M}{subsection.6.16.2}% 214
\BOOKMARK [3][-]{subsubsection.6.16.2.2}{\376\377\0006\000.\0001\0006\000.\0002\000.\0002\000\040\000D\000O\000W}{subsection.6.16.2}% 215
\BOOKMARK [3][-]{subsubsection.6.16.2.3}{\376\377\0006\000.\0001\0006\000.\0002\000.\0003\000\040\000T\000D\000I\000M}{subsection.6.16.2}% 216
\BOOKMARK [1][-]{section.6.17}{\376\377\0006\000.\0001\0007\000\040\000m\000a\000i\000n\000p\000a\000g\000e\000.\000h\000\040\000F\000i\000l\000e\000\040\000R\000e\000f\000e\000r\000e\000n\000c\000e}{chapter.6}% 217
\BOOKMARK [0][-]{section*.38}{\376\377\000I\000n\000d\000e\000x}{}% 218
